nohup: ignoring input
── Attaching packages ─────────────────────────────────────── tidyverse 1.2.1 ──
✔ ggplot2 3.2.1     ✔ purrr   0.3.2
✔ tibble  2.1.3     ✔ dplyr   0.8.3
✔ tidyr   1.0.0     ✔ stringr 1.4.0
✔ readr   1.3.1     ✔ forcats 0.4.0
── Conflicts ────────────────────────────────────────── tidyverse_conflicts() ──
✖ dplyr::filter() masks stats::filter()
✖ dplyr::lag()    masks stats::lag()
Loading required package: Matrix

Attaching package: ‘Matrix’

The following objects are masked from ‘package:tidyr’:

    expand, pack, unpack

Joining, by = "CDBN_ID"
Model fitted using the sigma parameterization.
ASReml 4.1.0 Sat Jan 11 13:49:56 2020
Allocating main workspace...done!
          LogLik        Sigma2     DF     wall    cpu
 1     -17501.52           1.0   2047 13:54:25  266.1
 2     -16751.59           1.0   2047 13:58:45  259.0
 3     -15948.38           1.0   2047 14:03:06  260.2
 4     -15427.17           1.0   2047 14:07:25  258.8 (1 restrained)
 5     -15167.95           1.0   2047 14:11:43  257.6 (1 restrained)
 6     -15115.19           1.0   2047 14:16:02  258.5
 7     -15112.18           1.0   2047 14:20:23  259.9
 8     -15112.06           1.0   2047 14:24:42  258.1
 9     -15112.06           1.0   2047 14:29:01  258.2
10     -15112.06           1.0   2047 14:33:19  257.8
BM
[1] -15112.06
                                   component    std.error    z.ratio bound %ch
Location_code!Location_code       91231.2336 102089.09555  0.8936433     P 0.0
vm(Taxa, Vg2)                    251974.1901  62833.50906  4.0101881     P 0.0
Location_code:Year!Location_code 962405.7649 158780.28174  6.0612423     P 0.0
Taxa:Location_code!Taxa          126170.2718  28772.99892  4.3850233     P 0.2
Taxa:Year!Taxa                       67.5803     63.59859  1.0626068     P 0.1
units!units                      577491.8246  22202.55732 26.0101490     P 0.0
units!R                               1.0000           NA         NA     F 0.0
Model fitted using the sigma parameterization.
ASReml 4.1.0 Sat Jan 11 14:33:21 2020
Allocating main workspace...done!
          LogLik        Sigma2     DF     wall    cpu
 1     -15112.06           1.0   2047 14:37:51  266.1
 2     -15112.06           1.0   2047 14:42:07  255.1
 3     -15112.06           1.0   2047 14:46:34  266.8
Model fitted using the sigma parameterization.
ASReml 4.1.0 Sat Jan 11 14:46:37 2020
Allocating main workspace...done!
          LogLik        Sigma2     DF     wall    cpu
 1     -11964.05           1.0   6946 14:48:33  112.9
 2     -11506.69           1.0   6946 14:50:25  111.4
 3     -11147.85           1.0   6946 14:52:15  110.5
 4     -10946.32           1.0   6946 14:54:06  110.4
 5     -10863.91           1.0   6946 14:55:56  110.3
 6     -10846.91           1.0   6946 14:57:47  110.3
 7     -10845.29           1.0   6946 14:59:39  111.3
 8     -10845.27           1.0   6946 15:01:31  112.3
 9     -10845.27           1.0   6946 15:03:24  112.1
DF
[1] -10845.27
                                  component  std.error    z.ratio bound %ch
Location_code!Location_code      23.3299225 6.19435869  3.7663177     P   0
vm(Taxa, Vg2)                     1.2997236 1.34939033  0.9631932     P   0
Location_code:Year!Location_code 21.3309074 1.86246378 11.4530589     P   0
Taxa:Year!Taxa                    0.1098972 0.04669734  2.3533932     P   0
Taxa:Location_code!Taxa           1.0812957 0.11136262  9.7096828     P   0
units!units                       4.9830744 0.12418868 40.1250293     P   0
units!R                           1.0000000         NA         NA     F   0
Model fitted using the sigma parameterization.
ASReml 4.1.0 Sat Jan 11 15:03:24 2020
Allocating main workspace...done!
          LogLik        Sigma2     DF     wall    cpu
 1     -10845.27           1.0   6946 15:05:35  127.4
 2     -10845.27           1.0   6946 15:07:37  121.8
 3     -10845.27           1.0   6946 15:09:47  129.4
Model fitted using the sigma parameterization.
ASReml 4.1.0 Sat Jan 11 15:09:48 2020
Allocating main workspace...done!
          LogLik        Sigma2     DF     wall    cpu
 1     -20203.37           1.0   8845 15:14:04  251.4
 2     -19590.71           1.0   8845 15:18:05  226.3
 3     -18986.18           1.0   8845 15:21:48  219.9
 4     -18659.02           1.0   8845 15:25:23  214.6
 5     -18533.08           1.0   8845 15:29:03  219.2
 6     -18508.73           1.0   8845 15:32:34  210.2
 7     -18506.30           1.0   8845 15:36:10  215.4
 8     -18506.26           1.0   8845 15:39:36  206.0
 9     -18506.26           1.0   8845 15:43:02  205.7
DM
[1] -18506.26
                                  component  std.error    z.ratio bound %ch
Location_code!Location_code      57.2071583 13.9710090  4.0947049     P   0
vm(Taxa, Vg2)                     2.3330402  2.7042052  0.8627453     P   0
Location_code:Year!Location_code 54.7549017  4.1710766 13.1272828     P   0
Taxa:Year!Taxa                    0.8985718  0.1508427  5.9570122     P   0
Taxa:Location_code!Taxa           3.7587555  0.2869085 13.1008871     P   0
units!units                      13.9584248  0.3050015 45.7651011     P   0
units!R                           1.0000000         NA         NA     F   0
Model fitted using the sigma parameterization.
ASReml 4.1.0 Sat Jan 11 15:43:04 2020
Allocating main workspace...done!
          LogLik        Sigma2     DF     wall    cpu
 1     -18506.26           1.0   8845 15:46:32  203.9
 2     -18506.26           1.0   8845 15:49:52  199.9
 3     -18506.26           1.0   8845 15:53:08  195.4
Model fitted using the sigma parameterization.
ASReml 4.1.0 Sat Jan 11 15:53:09 2020
Allocating main workspace...done!
          LogLik        Sigma2     DF     wall    cpu
 1     -6348.604           1.0   2159 15:58:20  306.4
 2     -5969.747           1.0   2159 16:03:18  297.3
 3     -5575.123           1.0   2159 16:08:04  285.7
 4     -5339.365           1.0   2159 16:12:51  286.0
 5     -5233.624           1.0   2159 16:17:38  286.1 (1 restrained)
 6     -5214.743           1.0   2159 16:22:24  285.7
 7     -5213.904           1.0   2159 16:27:11  286.1 (1 restrained)
 8     -5213.842           1.0   2159 16:31:57  286.0 (1 restrained)
 9     -5213.839           1.0   2159 16:36:47  289.1 (1 restrained)
10     -5213.839           1.0   2159 16:41:30  282.1
HI
[1] -5213.839
                                    component std.error   z.ratio bound %ch
Location_code!Location_code      2.522320e+01 14.097859  1.789151     P   0
vm(Taxa, Vg2)                    1.962236e+01 10.885891  1.802549     P   0
Location_code:Year!Location_code 3.532488e+01  5.829694  6.059475     P   0
Taxa:Location_code!Taxa          5.773959e+00  1.043755  5.531908     P   0
Taxa:Year!Taxa                   5.026844e-07        NA        NA     B   0
units!units                      2.639513e+01  1.053388 25.057367     P   0
units!R                          1.000000e+00        NA        NA     F   0
Model fitted using the sigma parameterization.
ASReml 4.1.0 Sat Jan 11 16:41:31 2020
Allocating main workspace...done!
          LogLik        Sigma2     DF     wall    cpu
 1     -5213.839           1.0   2159 16:46:06  271.4
 2     -5213.839           1.0   2159 16:50:26  259.4
 3     -5213.839           1.0   2159 16:54:57  270.4
Model fitted using the sigma parameterization.
ASReml 4.1.0 Sat Jan 11 16:54:57 2020
Allocating main workspace...done!
          LogLik        Sigma2     DF     wall    cpu
 1     -2755.178           1.0   2497 17:02:47  466.0
 2     -2083.814           1.0   2497 17:10:17  449.8
 3     -1376.035           1.0   2497 17:17:48  449.3
 4      -936.130           1.0   2497 17:25:18  449.3 (1 restrained)
 5      -725.653           1.0   2497 17:32:48  449.2 (1 restrained)
 6      -687.004           1.0   2497 17:40:18  449.1
 7      -684.906           1.0   2497 17:47:49  449.2
 8      -684.778           1.0   2497 17:55:19  449.5
 9      -684.765           1.0   2497 18:02:50  449.2
10      -684.763           1.0   2497 18:10:20  449.8
11      -684.763           1.0   2497 18:17:51  449.8
LG
[1] -684.763
                                    component    std.error    z.ratio bound %ch
Location_code!Location_code      0.0030281814 0.0184598152  0.1640418     P 0.1
vm(Taxa, Vg2)                    0.2956267859 0.0949362355  3.1139510     P 0.0
Location_code:Year!Location_code 0.3279251965 0.0489062203  6.7051838     P 0.0
Taxa:Location_code!Taxa          0.0850898464 0.0160123064  5.3140281     P 0.1
Taxa:Year!Taxa                   0.0002338615 0.0001240411  1.8853558     P 0.0
units!units                      0.3693778214 0.0148986357 24.7927280     P 0.0
units!R                          1.0000000000           NA         NA     F 0.0
Model fitted using the sigma parameterization.
ASReml 4.1.0 Sat Jan 11 18:17:53 2020
Allocating main workspace...done!
          LogLik        Sigma2     DF     wall    cpu
 1      -684.763           1.0   2497 18:25:42  465.5
 2      -684.763           1.0   2497 18:33:13  450.4
Error in asreml(fixed = eval(PHEGXE[[i]]) ~ Taxa, random = ~vm(Taxa, Vg2) +  : 
  Insufficient memory; current workspace is approx 6442.45Mb.
Calls: predict -> predict.asreml -> eval -> eval -> asreml
Execution halted
